{"name":"hexo","hostname":"RUITIAN-MOBL","pid":15280,"level":20,"msg":"Hexo version: \u001b[35m3.2.0\u001b[39m","time":"2016-06-02T11:39:06.072Z","v":0}
{"name":"hexo","hostname":"RUITIAN-MOBL","pid":15280,"level":20,"msg":"Working directory: \u001b[35m~\\Git\\rubyfrea.github.io\\RuiSite\\\u001b[39m","time":"2016-06-02T11:39:06.072Z","v":0}
{"name":"hexo","hostname":"RUITIAN-MOBL","pid":15280,"level":20,"msg":"Config loaded: \u001b[35m~\\Git\\rubyfrea.github.io\\RuiSite\\_config.yml\u001b[39m","time":"2016-06-02T11:39:07.759Z","v":0}
{"name":"hexo","hostname":"RUITIAN-MOBL","pid":15280,"level":20,"msg":"Plugin loaded: \u001b[35mhexo-generator-archive\u001b[39m","time":"2016-06-02T11:39:07.959Z","v":0}
{"name":"hexo","hostname":"RUITIAN-MOBL","pid":15280,"level":20,"msg":"Plugin loaded: \u001b[35mhexo-deployer-git\u001b[39m","time":"2016-06-02T11:39:10.331Z","v":0}
{"name":"hexo","hostname":"RUITIAN-MOBL","pid":15280,"level":20,"msg":"Plugin loaded: \u001b[35mhexo-generator-index\u001b[39m","time":"2016-06-02T11:39:10.351Z","v":0}
{"name":"hexo","hostname":"RUITIAN-MOBL","pid":15280,"level":20,"msg":"Plugin loaded: \u001b[35mhexo-generator-category\u001b[39m","time":"2016-06-02T11:39:10.371Z","v":0}
{"name":"hexo","hostname":"RUITIAN-MOBL","pid":15280,"level":20,"msg":"Plugin loaded: \u001b[35mhexo-generator-tag\u001b[39m","time":"2016-06-02T11:39:10.391Z","v":0}
{"name":"hexo","hostname":"RUITIAN-MOBL","pid":15280,"level":20,"msg":"Plugin loaded: \u001b[35mhexo-renderer-ejs\u001b[39m","time":"2016-06-02T11:39:10.421Z","v":0}
{"name":"hexo","hostname":"RUITIAN-MOBL","pid":15280,"level":20,"msg":"Plugin loaded: \u001b[35mhexo-renderer-stylus\u001b[39m","time":"2016-06-02T11:39:10.421Z","v":0}
{"name":"hexo","hostname":"RUITIAN-MOBL","pid":15280,"level":20,"msg":"Plugin loaded: \u001b[35mhexo-server\u001b[39m","time":"2016-06-02T11:39:10.925Z","v":0}
{"name":"hexo","hostname":"RUITIAN-MOBL","pid":15280,"level":20,"msg":"Plugin loaded: \u001b[35mhexo-renderer-marked\u001b[39m","time":"2016-06-02T11:39:12.145Z","v":0}
{"name":"hexo","hostname":"RUITIAN-MOBL","pid":15280,"level":20,"msg":"Script loaded: \u001b[35mthemes\\next\\scripts\\merge-configs.js\u001b[39m","time":"2016-06-02T11:39:12.145Z","v":0}
{"name":"hexo","hostname":"RUITIAN-MOBL","pid":15280,"level":20,"msg":"Script loaded: \u001b[35mthemes\\next\\scripts\\tags\\center-quote.js\u001b[39m","time":"2016-06-02T11:39:12.145Z","v":0}
{"name":"hexo","hostname":"RUITIAN-MOBL","pid":15280,"level":20,"msg":"Script loaded: \u001b[35mthemes\\next\\scripts\\tags\\group-pictures.js\u001b[39m","time":"2016-06-02T11:39:12.155Z","v":0}
{"name":"hexo","hostname":"RUITIAN-MOBL","pid":15280,"level":20,"msg":"Script loaded: \u001b[35mthemes\\next\\scripts\\tags\\full-image.js\u001b[39m","time":"2016-06-02T11:39:12.155Z","v":0}
{"name":"hexo","hostname":"RUITIAN-MOBL","pid":15280,"level":20,"msg":"Loading database.","time":"2016-06-02T11:39:12.175Z","v":0}
{"name":"hexo","hostname":"RUITIAN-MOBL","pid":15280,"level":30,"msg":"Start processing","time":"2016-06-02T11:39:12.185Z","v":0}
{"name":"hexo","hostname":"RUITIAN-MOBL","pid":15280,"level":20,"msg":"Processed: \u001b[35msource/images/avatar.gif\u001b[39m","time":"2016-06-02T11:39:12.615Z","v":0}
{"name":"hexo","hostname":"RUITIAN-MOBL","pid":15280,"level":20,"msg":"Processed: \u001b[35msource/images/cc-by-nc-nd.svg\u001b[39m","time":"2016-06-02T11:39:12.615Z","v":0}
{"name":"hexo","hostname":"RUITIAN-MOBL","pid":15280,"level":20,"msg":"Processed: \u001b[35msource/images/cc-by-nc-sa.svg\u001b[39m","time":"2016-06-02T11:39:12.615Z","v":0}
{"name":"hexo","hostname":"RUITIAN-MOBL","pid":15280,"level":20,"msg":"Processed: \u001b[35msource/images/cc-by-sa.svg\u001b[39m","time":"2016-06-02T11:39:12.625Z","v":0}
{"name":"hexo","hostname":"RUITIAN-MOBL","pid":15280,"level":20,"msg":"Processed: \u001b[35msource/images/cc-by-nd.svg\u001b[39m","time":"2016-06-02T11:39:12.635Z","v":0}
{"name":"hexo","hostname":"RUITIAN-MOBL","pid":15280,"level":20,"msg":"Processed: \u001b[35msource/images/placeholder.gif\u001b[39m","time":"2016-06-02T11:39:12.635Z","v":0}
{"name":"hexo","hostname":"RUITIAN-MOBL","pid":15280,"level":20,"msg":"Processed: \u001b[35msource/images/loading.gif\u001b[39m","time":"2016-06-02T11:39:12.635Z","v":0}
{"name":"hexo","hostname":"RUITIAN-MOBL","pid":15280,"level":20,"msg":"Processed: \u001b[35msource/images/cc-by-nc.svg\u001b[39m","time":"2016-06-02T11:39:12.635Z","v":0}
{"name":"hexo","hostname":"RUITIAN-MOBL","pid":15280,"level":20,"msg":"Processed: \u001b[35msource/images/cc-by.svg\u001b[39m","time":"2016-06-02T11:39:12.645Z","v":0}
{"name":"hexo","hostname":"RUITIAN-MOBL","pid":15280,"level":20,"msg":"Theme config loaded.","time":"2016-06-02T11:39:12.675Z","v":0}
{"name":"hexo","hostname":"RUITIAN-MOBL","pid":15280,"level":20,"msg":"Processed: \u001b[35m_config.yml\u001b[39m","time":"2016-06-02T11:39:12.685Z","v":0}
{"name":"hexo","hostname":"RUITIAN-MOBL","pid":15280,"level":20,"msg":"Processed: \u001b[35msource/images/cc-zero.svg\u001b[39m","time":"2016-06-02T11:39:12.685Z","v":0}
{"name":"hexo","hostname":"RUITIAN-MOBL","pid":15280,"level":20,"msg":"Processed: \u001b[35msource/images/quote-l.svg\u001b[39m","time":"2016-06-02T11:39:12.685Z","v":0}
{"name":"hexo","hostname":"RUITIAN-MOBL","pid":15280,"level":20,"msg":"Processed: \u001b[35msource/images/quote-r.svg\u001b[39m","time":"2016-06-02T11:39:12.685Z","v":0}
{"name":"hexo","hostname":"RUITIAN-MOBL","pid":15280,"level":20,"msg":"Processed: \u001b[35msource/images/searchicon.png\u001b[39m","time":"2016-06-02T11:39:12.685Z","v":0}
{"name":"hexo","hostname":"RUITIAN-MOBL","pid":15280,"level":20,"msg":"Processed: \u001b[35msource/css/main.styl\u001b[39m","time":"2016-06-02T11:39:12.695Z","v":0}
{"name":"hexo","hostname":"RUITIAN-MOBL","pid":15280,"level":20,"msg":"Processed: \u001b[35m_posts/hello-world.md\u001b[39m","time":"2016-06-02T11:39:12.754Z","v":0}
{"name":"hexo","hostname":"RUITIAN-MOBL","pid":15280,"level":20,"msg":"Processed: \u001b[35mlayout/archive.swig\u001b[39m","time":"2016-06-02T11:39:13.006Z","v":0}
{"name":"hexo","hostname":"RUITIAN-MOBL","pid":15280,"level":20,"msg":"Processed: \u001b[35mlayout/_layout.swig\u001b[39m","time":"2016-06-02T11:39:13.006Z","v":0}
{"name":"hexo","hostname":"RUITIAN-MOBL","pid":15280,"level":20,"msg":"Processed: \u001b[35mlayout/index.swig\u001b[39m","time":"2016-06-02T11:39:13.006Z","v":0}
{"name":"hexo","hostname":"RUITIAN-MOBL","pid":15280,"level":20,"msg":"Processed: \u001b[35mlayout/category.swig\u001b[39m","time":"2016-06-02T11:39:13.006Z","v":0}
{"name":"hexo","hostname":"RUITIAN-MOBL","pid":15280,"level":20,"msg":"Processed: \u001b[35mlayout/tag.swig\u001b[39m","time":"2016-06-02T11:39:13.006Z","v":0}
{"name":"hexo","hostname":"RUITIAN-MOBL","pid":15280,"level":20,"msg":"Processed: \u001b[35mlayout/page.swig\u001b[39m","time":"2016-06-02T11:39:13.356Z","v":0}
{"name":"hexo","hostname":"RUITIAN-MOBL","pid":15280,"level":20,"msg":"Processed: \u001b[35mlayout/post.swig\u001b[39m","time":"2016-06-02T11:39:13.356Z","v":0}
{"name":"hexo","hostname":"RUITIAN-MOBL","pid":15280,"level":20,"msg":"Processed: \u001b[35mlanguages/en.yml\u001b[39m","time":"2016-06-02T11:39:13.376Z","v":0}
{"name":"hexo","hostname":"RUITIAN-MOBL","pid":15280,"level":20,"msg":"Processed: \u001b[35mlanguages/de.yml\u001b[39m","time":"2016-06-02T11:39:13.386Z","v":0}
{"name":"hexo","hostname":"RUITIAN-MOBL","pid":15280,"level":20,"msg":"Processed: \u001b[35mlanguages/id.yml\u001b[39m","time":"2016-06-02T11:39:13.386Z","v":0}
{"name":"hexo","hostname":"RUITIAN-MOBL","pid":15280,"level":20,"msg":"Processed: \u001b[35mlanguages/default.yml\u001b[39m","time":"2016-06-02T11:39:13.386Z","v":0}
{"name":"hexo","hostname":"RUITIAN-MOBL","pid":15280,"level":20,"msg":"Processed: \u001b[35mlanguages/zh-Hans.yml\u001b[39m","time":"2016-06-02T11:39:13.386Z","v":0}
{"name":"hexo","hostname":"RUITIAN-MOBL","pid":15280,"level":20,"msg":"Processed: \u001b[35mlanguages/fr-FR.yml\u001b[39m","time":"2016-06-02T11:39:13.386Z","v":0}
{"name":"hexo","hostname":"RUITIAN-MOBL","pid":15280,"level":20,"msg":"Processed: \u001b[35mlanguages/ru.yml\u001b[39m","time":"2016-06-02T11:39:13.386Z","v":0}
{"name":"hexo","hostname":"RUITIAN-MOBL","pid":15280,"level":20,"msg":"Processed: \u001b[35mlanguages/ja.yml\u001b[39m","time":"2016-06-02T11:39:13.386Z","v":0}
{"name":"hexo","hostname":"RUITIAN-MOBL","pid":15280,"level":20,"msg":"Processed: \u001b[35mlanguages/pt.yml\u001b[39m","time":"2016-06-02T11:39:13.386Z","v":0}
{"name":"hexo","hostname":"RUITIAN-MOBL","pid":15280,"level":20,"msg":"Processed: \u001b[35msource/vendors/fastclick/bower.json\u001b[39m","time":"2016-06-02T11:39:13.396Z","v":0}
{"name":"hexo","hostname":"RUITIAN-MOBL","pid":15280,"level":20,"msg":"Processed: \u001b[35msource/vendors/fastclick/LICENSE\u001b[39m","time":"2016-06-02T11:39:13.396Z","v":0}
{"name":"hexo","hostname":"RUITIAN-MOBL","pid":15280,"level":20,"msg":"Processed: \u001b[35msource/vendors/font-awesome/HELP-US-OUT.txt\u001b[39m","time":"2016-06-02T11:39:13.396Z","v":0}
{"name":"hexo","hostname":"RUITIAN-MOBL","pid":15280,"level":20,"msg":"Processed: \u001b[35msource/vendors/font-awesome/bower.json\u001b[39m","time":"2016-06-02T11:39:13.406Z","v":0}
{"name":"hexo","hostname":"RUITIAN-MOBL","pid":15280,"level":20,"msg":"Processed: \u001b[35msource/vendors/fastclick/README.md\u001b[39m","time":"2016-06-02T11:39:13.406Z","v":0}
{"name":"hexo","hostname":"RUITIAN-MOBL","pid":15280,"level":20,"msg":"Processed: \u001b[35msource/vendors/jquery_lazyload/CONTRIBUTING.md\u001b[39m","time":"2016-06-02T11:39:13.406Z","v":0}
{"name":"hexo","hostname":"RUITIAN-MOBL","pid":15280,"level":20,"msg":"Processed: \u001b[35msource/vendors/jquery_lazyload/bower.json\u001b[39m","time":"2016-06-02T11:39:13.406Z","v":0}
{"name":"hexo","hostname":"RUITIAN-MOBL","pid":15280,"level":20,"msg":"Processed: \u001b[35msource/vendors/jquery_lazyload/jquery.lazyload.js\u001b[39m","time":"2016-06-02T11:39:13.406Z","v":0}
{"name":"hexo","hostname":"RUITIAN-MOBL","pid":15280,"level":20,"msg":"Processed: \u001b[35msource/js/src/affix.js\u001b[39m","time":"2016-06-02T11:39:13.416Z","v":0}
{"name":"hexo","hostname":"RUITIAN-MOBL","pid":15280,"level":20,"msg":"Processed: \u001b[35msource/vendors/jquery_lazyload/README.md\u001b[39m","time":"2016-06-02T11:39:13.416Z","v":0}
{"name":"hexo","hostname":"RUITIAN-MOBL","pid":15280,"level":20,"msg":"Processed: \u001b[35msource/vendors/jquery_lazyload/jquery.scrollstop.js\u001b[39m","time":"2016-06-02T11:39:13.426Z","v":0}
{"name":"hexo","hostname":"RUITIAN-MOBL","pid":15280,"level":20,"msg":"Processed: \u001b[35msource/js/src/hook-duoshuo.js\u001b[39m","time":"2016-06-02T11:39:13.426Z","v":0}
{"name":"hexo","hostname":"RUITIAN-MOBL","pid":15280,"level":20,"msg":"Processed: \u001b[35msource/js/src/scrollspy.js\u001b[39m","time":"2016-06-02T11:39:13.426Z","v":0}
{"name":"hexo","hostname":"RUITIAN-MOBL","pid":15280,"level":20,"msg":"Processed: \u001b[35msource/js/src/post-details.js\u001b[39m","time":"2016-06-02T11:39:13.426Z","v":0}
{"name":"hexo","hostname":"RUITIAN-MOBL","pid":15280,"level":20,"msg":"Processed: \u001b[35msource/js/src/motion.js\u001b[39m","time":"2016-06-02T11:39:13.436Z","v":0}
{"name":"hexo","hostname":"RUITIAN-MOBL","pid":15280,"level":20,"msg":"Processed: \u001b[35msource/js/src/bootstrap.js\u001b[39m","time":"2016-06-02T11:39:13.436Z","v":0}
{"name":"hexo","hostname":"RUITIAN-MOBL","pid":15280,"level":20,"msg":"Processed: \u001b[35msource/vendors/velocity/bower.json\u001b[39m","time":"2016-06-02T11:39:13.436Z","v":0}
{"name":"hexo","hostname":"RUITIAN-MOBL","pid":15280,"level":20,"msg":"Processed: \u001b[35msource/js/src/utils.js\u001b[39m","time":"2016-06-02T11:39:13.436Z","v":0}
{"name":"hexo","hostname":"RUITIAN-MOBL","pid":15280,"level":20,"msg":"Processed: \u001b[35mlayout/_scripts/baidu-push.swig\u001b[39m","time":"2016-06-02T11:39:13.506Z","v":0}
{"name":"hexo","hostname":"RUITIAN-MOBL","pid":15280,"level":20,"msg":"Processed: \u001b[35mlayout/_scripts/boostrap.swig\u001b[39m","time":"2016-06-02T11:39:13.506Z","v":0}
{"name":"hexo","hostname":"RUITIAN-MOBL","pid":15280,"level":20,"msg":"Processed: \u001b[35mlayout/_scripts/commons.swig\u001b[39m","time":"2016-06-02T11:39:13.506Z","v":0}
{"name":"hexo","hostname":"RUITIAN-MOBL","pid":15280,"level":20,"msg":"Processed: \u001b[35mlayout/_partials/duoshuo-hot-articles.swig\u001b[39m","time":"2016-06-02T11:39:13.506Z","v":0}
{"name":"hexo","hostname":"RUITIAN-MOBL","pid":15280,"level":20,"msg":"Processed: \u001b[35mlayout/_scripts/vendors.swig\u001b[39m","time":"2016-06-02T11:39:13.506Z","v":0}
{"name":"hexo","hostname":"RUITIAN-MOBL","pid":15280,"level":20,"msg":"Processed: \u001b[35mlayout/_partials/comments.swig\u001b[39m","time":"2016-06-02T11:39:13.516Z","v":0}
{"name":"hexo","hostname":"RUITIAN-MOBL","pid":15280,"level":20,"msg":"Processed: \u001b[35mlayout/_partials/pagination.swig\u001b[39m","time":"2016-06-02T11:39:13.516Z","v":0}
{"name":"hexo","hostname":"RUITIAN-MOBL","pid":15280,"level":20,"msg":"Processed: \u001b[35mlayout/_partials/header.swig\u001b[39m","time":"2016-06-02T11:39:13.516Z","v":0}
{"name":"hexo","hostname":"RUITIAN-MOBL","pid":15280,"level":20,"msg":"Processed: \u001b[35mlayout/_partials/footer.swig\u001b[39m","time":"2016-06-02T11:39:13.516Z","v":0}
{"name":"hexo","hostname":"RUITIAN-MOBL","pid":15280,"level":20,"msg":"Processed: \u001b[35mlayout/_partials/head.swig\u001b[39m","time":"2016-06-02T11:39:13.516Z","v":0}
{"name":"hexo","hostname":"RUITIAN-MOBL","pid":15280,"level":20,"msg":"Processed: \u001b[35mlayout/_partials/search.swig\u001b[39m","time":"2016-06-02T11:39:13.516Z","v":0}
{"name":"hexo","hostname":"RUITIAN-MOBL","pid":15280,"level":20,"msg":"Processed: \u001b[35mlanguages/zh-tw.yml\u001b[39m","time":"2016-06-02T11:39:13.516Z","v":0}
{"name":"hexo","hostname":"RUITIAN-MOBL","pid":15280,"level":20,"msg":"Processed: \u001b[35mlanguages/zh-hk.yml\u001b[39m","time":"2016-06-02T11:39:13.516Z","v":0}
{"name":"hexo","hostname":"RUITIAN-MOBL","pid":15280,"level":20,"msg":"Processed: \u001b[35msource/vendors/velocity/velocity.min.js\u001b[39m","time":"2016-06-02T11:39:13.526Z","v":0}
{"name":"hexo","hostname":"RUITIAN-MOBL","pid":15280,"level":20,"msg":"Processed: \u001b[35msource/vendors/velocity/velocity.ui.js\u001b[39m","time":"2016-06-02T11:39:13.526Z","v":0}
{"name":"hexo","hostname":"RUITIAN-MOBL","pid":15280,"level":20,"msg":"Processed: \u001b[35msource/vendors/velocity/velocity.ui.min.js\u001b[39m","time":"2016-06-02T11:39:13.536Z","v":0}
{"name":"hexo","hostname":"RUITIAN-MOBL","pid":15280,"level":20,"msg":"Processed: \u001b[35msource/vendors/jquery/index.js\u001b[39m","time":"2016-06-02T11:39:13.536Z","v":0}
{"name":"hexo","hostname":"RUITIAN-MOBL","pid":15280,"level":20,"msg":"Processed: \u001b[35msource/vendors/ua-parser-js/dist/ua-parser.min.js\u001b[39m","time":"2016-06-02T11:39:13.586Z","v":0}
{"name":"hexo","hostname":"RUITIAN-MOBL","pid":15280,"level":20,"msg":"Processed: \u001b[35msource/vendors/ua-parser-js/dist/ua-parser.pack.js\u001b[39m","time":"2016-06-02T11:39:13.596Z","v":0}
{"name":"hexo","hostname":"RUITIAN-MOBL","pid":15280,"level":20,"msg":"Processed: \u001b[35msource/vendors/fastclick/lib/fastclick.js\u001b[39m","time":"2016-06-02T11:39:13.596Z","v":0}
{"name":"hexo","hostname":"RUITIAN-MOBL","pid":15280,"level":20,"msg":"Processed: \u001b[35msource/vendors/font-awesome/fonts/fontawesome-webfont.woff2\u001b[39m","time":"2016-06-02T11:39:13.596Z","v":0}
{"name":"hexo","hostname":"RUITIAN-MOBL","pid":15280,"level":20,"msg":"Processed: \u001b[35msource/vendors/fancybox/source/blank.gif\u001b[39m","time":"2016-06-02T11:39:13.596Z","v":0}
{"name":"hexo","hostname":"RUITIAN-MOBL","pid":15280,"level":20,"msg":"Processed: \u001b[35msource/vendors/font-awesome/css/font-awesome.css\u001b[39m","time":"2016-06-02T11:39:13.596Z","v":0}
{"name":"hexo","hostname":"RUITIAN-MOBL","pid":15280,"level":20,"msg":"Processed: \u001b[35msource/vendors/font-awesome/css/font-awesome.min.css\u001b[39m","time":"2016-06-02T11:39:13.606Z","v":0}
{"name":"hexo","hostname":"RUITIAN-MOBL","pid":15280,"level":20,"msg":"Processed: \u001b[35msource/vendors/font-awesome/css/font-awesome.css.map\u001b[39m","time":"2016-06-02T11:39:13.606Z","v":0}
{"name":"hexo","hostname":"RUITIAN-MOBL","pid":15280,"level":20,"msg":"Processed: \u001b[35msource/vendors/fastclick/lib/fastclick.min.js\u001b[39m","time":"2016-06-02T11:39:13.606Z","v":0}
{"name":"hexo","hostname":"RUITIAN-MOBL","pid":15280,"level":20,"msg":"Processed: \u001b[35msource/vendors/fancybox/source/fancybox_overlay.png\u001b[39m","time":"2016-06-02T11:39:13.606Z","v":0}
{"name":"hexo","hostname":"RUITIAN-MOBL","pid":15280,"level":20,"msg":"Processed: \u001b[35msource/vendors/fancybox/source/fancybox_loading.gif\u001b[39m","time":"2016-06-02T11:39:13.606Z","v":0}
{"name":"hexo","hostname":"RUITIAN-MOBL","pid":15280,"level":20,"msg":"Processed: \u001b[35msource/vendors/fancybox/source/fancybox_sprite@2x.png\u001b[39m","time":"2016-06-02T11:39:13.616Z","v":0}
{"name":"hexo","hostname":"RUITIAN-MOBL","pid":15280,"level":20,"msg":"Processed: \u001b[35msource/vendors/fancybox/source/jquery.fancybox.css\u001b[39m","time":"2016-06-02T11:39:13.616Z","v":0}
{"name":"hexo","hostname":"RUITIAN-MOBL","pid":15280,"level":20,"msg":"Processed: \u001b[35msource/js/src/schemes/pisces.js\u001b[39m","time":"2016-06-02T11:39:13.616Z","v":0}
{"name":"hexo","hostname":"RUITIAN-MOBL","pid":15280,"level":20,"msg":"Processed: \u001b[35msource/vendors/fancybox/source/fancybox_loading@2x.gif\u001b[39m","time":"2016-06-02T11:39:13.616Z","v":0}
{"name":"hexo","hostname":"RUITIAN-MOBL","pid":15280,"level":20,"msg":"Processed: \u001b[35msource/vendors/fancybox/source/fancybox_sprite.png\u001b[39m","time":"2016-06-02T11:39:13.616Z","v":0}
{"name":"hexo","hostname":"RUITIAN-MOBL","pid":15280,"level":20,"msg":"Processed: \u001b[35msource/vendors/fancybox/source/jquery.fancybox.pack.js\u001b[39m","time":"2016-06-02T11:39:13.626Z","v":0}
{"name":"hexo","hostname":"RUITIAN-MOBL","pid":15280,"level":20,"msg":"Processed: \u001b[35msource/vendors/fancybox/source/jquery.fancybox.js\u001b[39m","time":"2016-06-02T11:39:13.626Z","v":0}
{"name":"hexo","hostname":"RUITIAN-MOBL","pid":15280,"level":20,"msg":"Processed: \u001b[35mlayout/_macro/post.swig\u001b[39m","time":"2016-06-02T11:39:13.666Z","v":0}
{"name":"hexo","hostname":"RUITIAN-MOBL","pid":15280,"level":20,"msg":"Processed: \u001b[35mlayout/_macro/wechat-subscriber.swig\u001b[39m","time":"2016-06-02T11:39:13.666Z","v":0}
{"name":"hexo","hostname":"RUITIAN-MOBL","pid":15280,"level":20,"msg":"Processed: \u001b[35mlayout/_macro/post-collapse.swig\u001b[39m","time":"2016-06-02T11:39:13.666Z","v":0}
{"name":"hexo","hostname":"RUITIAN-MOBL","pid":15280,"level":20,"msg":"Processed: \u001b[35mlayout/_macro/sidebar.swig\u001b[39m","time":"2016-06-02T11:39:13.666Z","v":0}
{"name":"hexo","hostname":"RUITIAN-MOBL","pid":15280,"level":20,"msg":"Processed: \u001b[35mlayout/_macro/reward.swig\u001b[39m","time":"2016-06-02T11:39:13.676Z","v":0}
{"name":"hexo","hostname":"RUITIAN-MOBL","pid":15280,"level":20,"msg":"Processed: \u001b[35mlayout/_scripts/schemes/muse.swig\u001b[39m","time":"2016-06-02T11:39:13.676Z","v":0}
{"name":"hexo","hostname":"RUITIAN-MOBL","pid":15280,"level":20,"msg":"Processed: \u001b[35mlayout/_scripts/schemes/mist.swig\u001b[39m","time":"2016-06-02T11:39:13.676Z","v":0}
{"name":"hexo","hostname":"RUITIAN-MOBL","pid":15280,"level":20,"msg":"Processed: \u001b[35mlayout/_scripts/pages/post-details.swig\u001b[39m","time":"2016-06-02T11:39:13.676Z","v":0}
{"name":"hexo","hostname":"RUITIAN-MOBL","pid":15280,"level":20,"msg":"Processed: \u001b[35mlayout/_scripts/schemes/pisces.swig\u001b[39m","time":"2016-06-02T11:39:13.676Z","v":0}
{"name":"hexo","hostname":"RUITIAN-MOBL","pid":15280,"level":20,"msg":"Processed: \u001b[35mlayout/_scripts/third-party/analytics.swig\u001b[39m","time":"2016-06-02T11:39:13.676Z","v":0}
{"name":"hexo","hostname":"RUITIAN-MOBL","pid":15280,"level":20,"msg":"Processed: \u001b[35mlayout/_partials/search/swiftype.swig\u001b[39m","time":"2016-06-02T11:39:13.676Z","v":0}
{"name":"hexo","hostname":"RUITIAN-MOBL","pid":15280,"level":20,"msg":"Processed: \u001b[35mlayout/_partials/search/tinysou.swig\u001b[39m","time":"2016-06-02T11:39:13.676Z","v":0}
{"name":"hexo","hostname":"RUITIAN-MOBL","pid":15280,"level":20,"msg":"Processed: \u001b[35mlayout/_partials/search/localsearch.swig\u001b[39m","time":"2016-06-02T11:39:13.676Z","v":0}
{"name":"hexo","hostname":"RUITIAN-MOBL","pid":15280,"level":20,"msg":"Processed: \u001b[35mlayout/_scripts/third-party/comments.swig\u001b[39m","time":"2016-06-02T11:39:13.686Z","v":0}
{"name":"hexo","hostname":"RUITIAN-MOBL","pid":15280,"level":20,"msg":"Processed: \u001b[35mlayout/_scripts/third-party/tinysou.swig\u001b[39m","time":"2016-06-02T11:39:13.686Z","v":0}
{"name":"hexo","hostname":"RUITIAN-MOBL","pid":15280,"level":20,"msg":"Processed: \u001b[35mlayout/_partials/head/external-fonts.swig\u001b[39m","time":"2016-06-02T11:39:13.686Z","v":0}
{"name":"hexo","hostname":"RUITIAN-MOBL","pid":15280,"level":20,"msg":"Processed: \u001b[35mlayout/_scripts/third-party/localsearch.swig\u001b[39m","time":"2016-06-02T11:39:13.943Z","v":0}
{"name":"hexo","hostname":"RUITIAN-MOBL","pid":15280,"level":20,"msg":"Processed: \u001b[35mlayout/_scripts/third-party/lean-analytics.swig\u001b[39m","time":"2016-06-02T11:39:13.943Z","v":0}
{"name":"hexo","hostname":"RUITIAN-MOBL","pid":15280,"level":20,"msg":"Processed: \u001b[35mlayout/_partials/share/add-this.swig\u001b[39m","time":"2016-06-02T11:39:13.943Z","v":0}
{"name":"hexo","hostname":"RUITIAN-MOBL","pid":15280,"level":20,"msg":"Processed: \u001b[35mlayout/_scripts/third-party/mathjax.swig\u001b[39m","time":"2016-06-02T11:39:13.943Z","v":0}
{"name":"hexo","hostname":"RUITIAN-MOBL","pid":15280,"level":20,"msg":"Processed: \u001b[35mlayout/_partials/share/duoshuo_share.swig\u001b[39m","time":"2016-06-02T11:39:13.943Z","v":0}
{"name":"hexo","hostname":"RUITIAN-MOBL","pid":15280,"level":20,"msg":"Processed: \u001b[35msource/vendors/font-awesome/fonts/fontawesome-webfont.eot\u001b[39m","time":"2016-06-02T11:39:13.943Z","v":0}
{"name":"hexo","hostname":"RUITIAN-MOBL","pid":15280,"level":20,"msg":"Processed: \u001b[35msource/vendors/font-awesome/fonts/FontAwesome.otf\u001b[39m","time":"2016-06-02T11:39:13.943Z","v":0}
{"name":"hexo","hostname":"RUITIAN-MOBL","pid":15280,"level":20,"msg":"Processed: \u001b[35msource/vendors/font-awesome/fonts/fontawesome-webfont.woff\u001b[39m","time":"2016-06-02T11:39:13.953Z","v":0}
{"name":"hexo","hostname":"RUITIAN-MOBL","pid":15280,"level":20,"msg":"Processed: \u001b[35mlayout/_partials/share/baidushare.swig\u001b[39m","time":"2016-06-02T11:39:13.953Z","v":0}
{"name":"hexo","hostname":"RUITIAN-MOBL","pid":15280,"level":20,"msg":"Processed: \u001b[35mlayout/_partials/share/jiathis.swig\u001b[39m","time":"2016-06-02T11:39:13.953Z","v":0}
{"name":"hexo","hostname":"RUITIAN-MOBL","pid":15280,"level":20,"msg":"Processed: \u001b[35msource/vendors/velocity/velocity.js\u001b[39m","time":"2016-06-02T11:39:13.953Z","v":0}
{"name":"hexo","hostname":"RUITIAN-MOBL","pid":15280,"level":20,"msg":"Processed: \u001b[35msource/vendors/font-awesome/fonts/fontawesome-webfont.ttf\u001b[39m","time":"2016-06-02T11:39:13.963Z","v":0}
{"name":"hexo","hostname":"RUITIAN-MOBL","pid":15280,"level":20,"msg":"Processed: \u001b[35msource/vendors/fancybox/source/helpers/jquery.fancybox-buttons.css\u001b[39m","time":"2016-06-02T11:39:13.973Z","v":0}
{"name":"hexo","hostname":"RUITIAN-MOBL","pid":15280,"level":20,"msg":"Processed: \u001b[35msource/vendors/fancybox/source/helpers/fancybox_buttons.png\u001b[39m","time":"2016-06-02T11:39:13.973Z","v":0}
{"name":"hexo","hostname":"RUITIAN-MOBL","pid":15280,"level":20,"msg":"Processed: \u001b[35msource/vendors/fancybox/source/helpers/jquery.fancybox-buttons.js\u001b[39m","time":"2016-06-02T11:39:13.973Z","v":0}
{"name":"hexo","hostname":"RUITIAN-MOBL","pid":15280,"level":20,"msg":"Processed: \u001b[35msource/vendors/fancybox/source/helpers/jquery.fancybox-thumbs.css\u001b[39m","time":"2016-06-02T11:39:13.973Z","v":0}
{"name":"hexo","hostname":"RUITIAN-MOBL","pid":15280,"level":20,"msg":"Processed: \u001b[35msource/vendors/fancybox/source/helpers/jquery.fancybox-media.js\u001b[39m","time":"2016-06-02T11:39:13.973Z","v":0}
{"name":"hexo","hostname":"RUITIAN-MOBL","pid":15280,"level":20,"msg":"Processed: \u001b[35msource/vendors/fancybox/source/helpers/jquery.fancybox-thumbs.js\u001b[39m","time":"2016-06-02T11:39:13.973Z","v":0}
{"name":"hexo","hostname":"RUITIAN-MOBL","pid":15280,"level":20,"msg":"Processed: \u001b[35mlayout/_scripts/third-party/comments/duoshuo.swig\u001b[39m","time":"2016-06-02T11:39:13.983Z","v":0}
{"name":"hexo","hostname":"RUITIAN-MOBL","pid":15280,"level":20,"msg":"Processed: \u001b[35mlayout/_scripts/third-party/comments/disqus.swig\u001b[39m","time":"2016-06-02T11:39:13.983Z","v":0}
{"name":"hexo","hostname":"RUITIAN-MOBL","pid":15280,"level":20,"msg":"Processed: \u001b[35mlayout/_scripts/third-party/analytics/facebook-sdk.swig\u001b[39m","time":"2016-06-02T11:39:13.993Z","v":0}
{"name":"hexo","hostname":"RUITIAN-MOBL","pid":15280,"level":20,"msg":"Processed: \u001b[35mlayout/_scripts/third-party/analytics/cnzz-analytics.swig\u001b[39m","time":"2016-06-02T11:39:13.993Z","v":0}
{"name":"hexo","hostname":"RUITIAN-MOBL","pid":15280,"level":20,"msg":"Processed: \u001b[35mlayout/_scripts/third-party/analytics/tencent-analytics.swig\u001b[39m","time":"2016-06-02T11:39:13.993Z","v":0}
{"name":"hexo","hostname":"RUITIAN-MOBL","pid":15280,"level":20,"msg":"Processed: \u001b[35mlayout/_scripts/third-party/analytics/google-analytics.swig\u001b[39m","time":"2016-06-02T11:39:13.993Z","v":0}
{"name":"hexo","hostname":"RUITIAN-MOBL","pid":15280,"level":20,"msg":"Processed: \u001b[35mlayout/_scripts/third-party/analytics/baidu-analytics.swig\u001b[39m","time":"2016-06-02T11:39:14.003Z","v":0}
{"name":"hexo","hostname":"RUITIAN-MOBL","pid":15280,"level":20,"msg":"Processed: \u001b[35mlayout/_scripts/third-party/analytics/busuanzi-counter.swig\u001b[39m","time":"2016-06-02T11:39:14.003Z","v":0}
{"name":"hexo","hostname":"RUITIAN-MOBL","pid":15280,"level":20,"msg":"Processed: \u001b[35msource/vendors/font-awesome/fonts/fontawesome-webfont.svg\u001b[39m","time":"2016-06-02T11:39:14.003Z","v":0}
{"name":"hexo","hostname":"RUITIAN-MOBL","pid":15280,"level":20,"msg":"Generator: \u001b[35mpage\u001b[39m","time":"2016-06-02T11:39:14.805Z","v":0}
{"name":"hexo","hostname":"RUITIAN-MOBL","pid":15280,"level":20,"msg":"Generator: \u001b[35mpost\u001b[39m","time":"2016-06-02T11:39:14.805Z","v":0}
{"name":"hexo","hostname":"RUITIAN-MOBL","pid":15280,"level":20,"msg":"Generator: \u001b[35marchive\u001b[39m","time":"2016-06-02T11:39:14.805Z","v":0}
{"name":"hexo","hostname":"RUITIAN-MOBL","pid":15280,"level":20,"msg":"Generator: \u001b[35mindex\u001b[39m","time":"2016-06-02T11:39:14.815Z","v":0}
{"name":"hexo","hostname":"RUITIAN-MOBL","pid":15280,"level":20,"msg":"Generator: \u001b[35mcategory\u001b[39m","time":"2016-06-02T11:39:14.815Z","v":0}
{"name":"hexo","hostname":"RUITIAN-MOBL","pid":15280,"level":20,"msg":"Generator: \u001b[35mtag\u001b[39m","time":"2016-06-02T11:39:14.815Z","v":0}
{"name":"hexo","hostname":"RUITIAN-MOBL","pid":15280,"level":20,"msg":"Generator: \u001b[35masset\u001b[39m","time":"2016-06-02T11:39:14.815Z","v":0}
{"name":"hexo","hostname":"RUITIAN-MOBL","pid":15280,"level":30,"msg":"Hexo is running at \u001b[4mhttp://0.0.0.0:4000/\u001b[24m. Press Ctrl+C to stop.","time":"2016-06-02T11:39:14.825Z","v":0}
{"name":"hexo","hostname":"RUITIAN-MOBL","pid":15280,"level":20,"msg":"Database saved","time":"2016-06-02T11:39:14.885Z","v":0}
{"name":"hexo","hostname":"RUITIAN-MOBL","pid":15280,"level":20,"msg":"Rendering index: \u001b[35mindex.html\u001b[39m","time":"2016-06-02T11:39:21.869Z","v":0}
{"name":"hexo","hostname":"RUITIAN-MOBL","pid":15280,"level":30,"msg":"See you again","time":"2016-06-02T11:40:19.909Z","v":0}
{"name":"hexo","hostname":"RUITIAN-MOBL","pid":15280,"level":20,"msg":"Database saved","time":"2016-06-02T11:40:19.929Z","v":0}
